<?xml version="1.0" encoding="UTF-8"?>
<!-- Generated by org.testng.reporters.JUnitReportReporter -->
<testsuite hostname="DESKTOP-2AKG903" failures="0" tests="1" name="com.basicTest.SeleniumTest" time="0.006" errors="0" timestamp="08 Oct 2021 04:29:01 GMT" skipped="0">
  <testcase classname="com.basicTest.SeleniumTest" name="demo2" time="0.006"/>
</testsuite> <!-- com.basicTest.SeleniumTest -->
