<?xml version="1.0" encoding="UTF-8"?>
<!-- Generated by org.testng.reporters.JUnitReportReporter -->
<testsuite hostname="DESKTOP-2AKG903" failures="0" tests="6" name="utils.ExcelDataProvider" time="0.013" errors="0" timestamp="14 Jul 2021 05:50:46 GMT" skipped="0">
  <testcase classname="utils.ExcelDataProvider" name="test1" time="0.001"/>
  <testcase classname="utils.ExcelDataProvider" name="test1" time="0.001"/>
  <testcase classname="utils.ExcelDataProvider" name="test1" time="0.001"/>
  <testcase classname="utils.ExcelDataProvider" name="test1" time="0.001"/>
  <testcase classname="utils.ExcelDataProvider" name="test1" time="0.008"/>
  <testcase classname="utils.ExcelDataProvider" name="test1" time="0.001"/>
</testsuite> <!-- utils.ExcelDataProvider -->
