<?xml version="1.0" encoding="UTF-8"?>
<!-- Generated by org.testng.reporters.JUnitReportReporter -->
<testsuite hostname="DESKTOP-2AKG903" failures="0" tests="1" name="com.basicTest.SeleniumTest" time="0.009" errors="0" timestamp="16 Jul 2021 06:44:55 GMT" skipped="0">
  <testcase classname="com.basicTest.SeleniumTest" name="demo2" time="0.009"/>
</testsuite> <!-- com.basicTest.SeleniumTest -->
