<?xml version="1.0" encoding="UTF-8"?>
<!-- Generated by org.testng.reporters.JUnitReportReporter -->
<testsuite hostname="DESKTOP-2AKG903" failures="0" tests="3" name="com.basicTest.ParallelTestingDemo2" time="97.848" errors="0" timestamp="14 Jul 2021 05:49:12 GMT" skipped="0">
  <testcase classname="com.basicTest.ParallelTestingDemo2" name="Test2" time="53.138"/>
  <testcase classname="com.basicTest.ParallelTestingDemo2" name="Test3" time="0.002"/>
  <testcase classname="com.basicTest.ParallelTestingDemo2" name="Test1" time="44.708"/>
</testsuite> <!-- com.basicTest.ParallelTestingDemo2 -->
